<?xml version="1.0" encoding="UTF-8"?>
<!-- Generated by org.testng.reporters.JUnitXMLReporter -->
<testsuite hostname="DESKTOP-VIMU54J" name="Default test" tests="3" failures="0" timestamp="2 Oct 2019 05:44:13 GMT" time="0.073" errors="0">
  <testcase name="TestMethodOne" time="0.026" classname="annotations.AfterClassExample"/>
  <testcase name="TestMethodThree" time="0.0" classname="annotations.AfterClassExample"/>
  <testcase name="TestMethodTwo" time="0.005" classname="annotations.AfterClassExample"/>
</testsuite> <!-- Default test -->
