<?xml version="1.0" encoding="UTF-8"?>
<!-- Generated by org.testng.reporters.JUnitXMLReporter -->
<testsuite hostname="DESKTOP-VIMU54J" name=" Screen 1 Scenarios" tests="4" failures="0" timestamp="2 Oct 2019 06:56:43 GMT" time="0.042" errors="0">
  <testcase name="TestMethodOne" time="0.006" classname="annotations.TestClassOne"/>
  <testcase name="TestMethodTwo" time="0.0" classname="annotations.TestClassOne"/>
  <testcase name="TestMethodOne" time="0.0" classname="annotations.TestClassTwo"/>
  <testcase name="TestMethodTwo" time="0.003" classname="annotations.TestClassTwo"/>
</testsuite> <!--  Screen 1 Scenarios -->
