<?xml version="1.0" encoding="UTF-8"?>
<!-- Generated by org.testng.reporters.JUnitXMLReporter -->
<testsuite hostname="DESKTOP-VIMU54J" name=" Screen 2 Scenarios" tests="4" failures="0" timestamp="2 Oct 2019 06:49:07 GMT" time="0.032" errors="0">
  <testcase name="TestMethodOne" time="0.003" classname="annotations.TestClassOne"/>
  <testcase name="TestMethodTwo" time="0.001" classname="annotations.TestClassOne"/>
  <testcase name="TestMethodOne" time="0.001" classname="annotations.TestClassTwo"/>
  <testcase name="TestMethodTwo" time="0.002" classname="annotations.TestClassTwo"/>
</testsuite> <!--  Screen 2 Scenarios -->
